

============================================================
versionCode: 1
versionName: 1.0.1
commit: v1.0.1
Build completed at 2019-12-16 02:39:43Z

== Installed Android Tools ==

* build-tools/25.0.0 (25.0.0)
* build-tools/26.0.0 (26.0.0)
* build-tools/26.0.1 (26.0.1)
* build-tools/26.0.2 (26.0.2)
* build-tools/27.0.3 (27.0.3)
* build-tools/28.0.2 (28.0.2)
* build-tools/28.0.3 (28.0.3)
* emulator (29.3.0)
* extras/android/m2repository (47.0.0)
* extras/google/google_play_services (49)
* extras/google/m2repository (58)
* extras/m2repository/com/android/support/constraint/constraint-layout-solver/1.0.2 (1)
* extras/m2repository/com/android/support/constraint/constraint-layout/1.0.2 (1)
* patcher/v4 (1)
* platform-tools (29.0.5)
* platforms/android-21 (2)
* platforms/android-22 (2)
* platforms/android-25 (3)
* platforms/android-26 (2)
* platforms/android-27 (3)
* platforms/android-28 (6)
* sources/android-27 (1)
* sources/android-28 (1)
* system-images/android-19/google_apis/x86 (38)
* system-images/android-21/google_apis/x86 (30)
* system-images/android-25/google_apis/arm64-v8a (16)
* system-images/android-27/google_apis_playstore/x86 (3)
* tools (26.1.1)

OSError while trying to execute gradle clean: [Errno 2] No such file or directory: 'gradle': 'gradle'

============================================================
versionCode: 1
versionName: 1.0.1
commit: v1.0.1
Build completed at 2019-12-16 02:53:05Z

== Installed Android Tools ==

* build-tools/25.0.0 (25.0.0)
* build-tools/26.0.0 (26.0.0)
* build-tools/26.0.1 (26.0.1)
* build-tools/26.0.2 (26.0.2)
* build-tools/27.0.3 (27.0.3)
* build-tools/28.0.2 (28.0.2)
* build-tools/28.0.3 (28.0.3)
* emulator (29.3.0)
* extras/android/m2repository (47.0.0)
* extras/google/google_play_services (49)
* extras/google/m2repository (58)
* extras/m2repository/com/android/support/constraint/constraint-layout-solver/1.0.2 (1)
* extras/m2repository/com/android/support/constraint/constraint-layout/1.0.2 (1)
* patcher/v4 (1)
* platform-tools (29.0.5)
* platforms/android-21 (2)
* platforms/android-22 (2)
* platforms/android-25 (3)
* platforms/android-26 (2)
* platforms/android-27 (3)
* platforms/android-28 (6)
* sources/android-27 (1)
* sources/android-28 (1)
* system-images/android-19/google_apis/x86 (38)
* system-images/android-21/google_apis/x86 (30)
* system-images/android-25/google_apis/arm64-v8a (16)
* system-images/android-27/google_apis_playstore/x86 (3)
* tools (26.1.1)

OSError while trying to execute gradle clean: [Errno 2] No such file or directory: 'gradle': 'gradle'

============================================================
versionCode: 1
versionName: 1.0.1
commit: v1.0.1
Build completed at 2019-12-16 23:10:48Z

== Installed Android Tools ==

* build-tools/25.0.0 (25.0.0)
* build-tools/26.0.0 (26.0.0)
* build-tools/26.0.1 (26.0.1)
* build-tools/26.0.2 (26.0.2)
* build-tools/27.0.3 (27.0.3)
* build-tools/28.0.2 (28.0.2)
* build-tools/28.0.3 (28.0.3)
* emulator (29.3.0)
* extras/android/m2repository (47.0.0)
* extras/google/google_play_services (49)
* extras/google/m2repository (58)
* extras/m2repository/com/android/support/constraint/constraint-layout-solver/1.0.2 (1)
* extras/m2repository/com/android/support/constraint/constraint-layout/1.0.2 (1)
* patcher/v4 (1)
* platform-tools (29.0.5)
* platforms/android-21 (2)
* platforms/android-22 (2)
* platforms/android-25 (3)
* platforms/android-26 (2)
* platforms/android-27 (3)
* platforms/android-28 (6)
* sources/android-27 (1)
* sources/android-28 (1)
* system-images/android-19/google_apis/x86 (38)
* system-images/android-21/google_apis/x86 (30)
* system-images/android-25/google_apis/arm64-v8a (16)
* system-images/android-27/google_apis_playstore/x86 (3)
* tools (26.1.1)

OSError while trying to execute gradle clean: [Errno 13] Permission denied: 'gradle'

============================================================
versionCode: 1
versionName: 1.0.1
commit: v1.0.1
Build completed at 2019-12-16 23:34:18Z

== Installed Android Tools ==

* build-tools/25.0.0 (25.0.0)
* build-tools/26.0.0 (26.0.0)
* build-tools/26.0.1 (26.0.1)
* build-tools/26.0.2 (26.0.2)
* build-tools/27.0.3 (27.0.3)
* build-tools/28.0.2 (28.0.2)
* build-tools/28.0.3 (28.0.3)
* emulator (29.3.0)
* extras/android/m2repository (47.0.0)
* extras/google/google_play_services (49)
* extras/google/m2repository (58)
* extras/m2repository/com/android/support/constraint/constraint-layout-solver/1.0.2 (1)
* extras/m2repository/com/android/support/constraint/constraint-layout/1.0.2 (1)
* patcher/v4 (1)
* platform-tools (29.0.5)
* platforms/android-21 (2)
* platforms/android-22 (2)
* platforms/android-25 (3)
* platforms/android-26 (2)
* platforms/android-27 (3)
* platforms/android-28 (6)
* sources/android-27 (1)
* sources/android-28 (1)
* system-images/android-19/google_apis/x86 (38)
* system-images/android-21/google_apis/x86 (30)
* system-images/android-25/google_apis/arm64-v8a (16)
* system-images/android-27/google_apis_playstore/x86 (3)
* tools (26.1.1)

OSError while trying to execute gradle clean: [Errno 13] Permission denied: 'gradle'

============================================================
versionCode: 1
versionName: 1.0.1
commit: v1.0.1
Build completed at 2019-12-21 13:38:55Z

== Installed Android Tools ==

* build-tools/25.0.0 (25.0.0)
* build-tools/26.0.0 (26.0.0)
* build-tools/26.0.1 (26.0.1)
* build-tools/26.0.2 (26.0.2)
* build-tools/27.0.3 (27.0.3)
* build-tools/28.0.2 (28.0.2)
* build-tools/28.0.3 (28.0.3)
* emulator (29.3.0)
* extras/android/m2repository (47.0.0)
* extras/google/google_play_services (49)
* extras/google/m2repository (58)
* extras/m2repository/com/android/support/constraint/constraint-layout-solver/1.0.2 (1)
* extras/m2repository/com/android/support/constraint/constraint-layout/1.0.2 (1)
* patcher/v4 (1)
* platform-tools (29.0.5)
* platforms/android-21 (2)
* platforms/android-22 (2)
* platforms/android-25 (3)
* platforms/android-26 (2)
* platforms/android-27 (3)
* platforms/android-28 (6)
* sources/android-27 (1)
* sources/android-28 (1)
* system-images/android-19/google_apis/x86 (38)
* system-images/android-21/google_apis/x86 (30)
* system-images/android-25/google_apis/arm64-v8a (16)
* system-images/android-27/google_apis_playstore/x86 (3)
* tools (26.1.1)

OSError while trying to execute gradle clean: [Errno 2] No such file or directory: 'gradle': 'gradle'

============================================================
versionCode: 1
versionName: 1.0.1
commit: v1.0.1
Build completed at 2019-12-21 14:04:31Z

== Installed Android Tools ==

* build-tools/25.0.0 (25.0.0)
* build-tools/26.0.0 (26.0.0)
* build-tools/26.0.1 (26.0.1)
* build-tools/26.0.2 (26.0.2)
* build-tools/27.0.3 (27.0.3)
* build-tools/28.0.2 (28.0.2)
* build-tools/28.0.3 (28.0.3)
* emulator (29.3.0)
* extras/android/m2repository (47.0.0)
* extras/google/google_play_services (49)
* extras/google/m2repository (58)
* extras/m2repository/com/android/support/constraint/constraint-layout-solver/1.0.2 (1)
* extras/m2repository/com/android/support/constraint/constraint-layout/1.0.2 (1)
* patcher/v4 (1)
* platform-tools (29.0.5)
* platforms/android-21 (2)
* platforms/android-22 (2)
* platforms/android-25 (3)
* platforms/android-26 (2)
* platforms/android-27 (3)
* platforms/android-28 (6)
* sources/android-27 (1)
* sources/android-28 (1)
* system-images/android-19/google_apis/x86 (38)
* system-images/android-21/google_apis/x86 (30)
* system-images/android-25/google_apis/arm64-v8a (16)
* system-images/android-27/google_apis_playstore/x86 (3)
* tools (26.1.1)

OSError while trying to execute gradle clean: [Errno 13] Permission denied: 'gradle'

============================================================
versionCode: 1
versionName: 1.0.1
commit: v1.0.1
Build completed at 2019-12-21 14:04:59Z

== Installed Android Tools ==

* build-tools/25.0.0 (25.0.0)
* build-tools/26.0.0 (26.0.0)
* build-tools/26.0.1 (26.0.1)
* build-tools/26.0.2 (26.0.2)
* build-tools/27.0.3 (27.0.3)
* build-tools/28.0.2 (28.0.2)
* build-tools/28.0.3 (28.0.3)
* emulator (29.3.0)
* extras/android/m2repository (47.0.0)
* extras/google/google_play_services (49)
* extras/google/m2repository (58)
* extras/m2repository/com/android/support/constraint/constraint-layout-solver/1.0.2 (1)
* extras/m2repository/com/android/support/constraint/constraint-layout/1.0.2 (1)
* patcher/v4 (1)
* platform-tools (29.0.5)
* platforms/android-21 (2)
* platforms/android-22 (2)
* platforms/android-25 (3)
* platforms/android-26 (2)
* platforms/android-27 (3)
* platforms/android-28 (6)
* sources/android-27 (1)
* sources/android-28 (1)
* system-images/android-19/google_apis/x86 (38)
* system-images/android-21/google_apis/x86 (30)
* system-images/android-25/google_apis/arm64-v8a (16)
* system-images/android-27/google_apis_playstore/x86 (3)
* tools (26.1.1)

OSError while trying to execute gradle clean: [Errno 13] Permission denied: 'gradle'

============================================================
versionCode: 1
versionName: 1.0.1
commit: v1.0.1
Build completed at 2019-12-21 14:13:53Z

== Installed Android Tools ==

* build-tools/25.0.0 (25.0.0)
* build-tools/26.0.0 (26.0.0)
* build-tools/26.0.1 (26.0.1)
* build-tools/26.0.2 (26.0.2)
* build-tools/27.0.3 (27.0.3)
* build-tools/28.0.2 (28.0.2)
* build-tools/28.0.3 (28.0.3)
* emulator (29.3.0)
* extras/android/m2repository (47.0.0)
* extras/google/google_play_services (49)
* extras/google/m2repository (58)
* extras/m2repository/com/android/support/constraint/constraint-layout-solver/1.0.2 (1)
* extras/m2repository/com/android/support/constraint/constraint-layout/1.0.2 (1)
* patcher/v4 (1)
* platform-tools (29.0.5)
* platforms/android-21 (2)
* platforms/android-22 (2)
* platforms/android-25 (3)
* platforms/android-26 (2)
* platforms/android-27 (3)
* platforms/android-28 (6)
* sources/android-27 (1)
* sources/android-28 (1)
* system-images/android-19/google_apis/x86 (38)
* system-images/android-21/google_apis/x86 (30)
* system-images/android-25/google_apis/arm64-v8a (16)
* system-images/android-27/google_apis_playstore/x86 (3)
* tools (26.1.1)

OSError while trying to execute gradle clean: [Errno 13] Permission denied: 'gradle'

============================================================
versionCode: 1
versionName: 1.0.1
commit: v1.0.1
Build completed at 2019-12-21 14:15:09Z

== Installed Android Tools ==

* build-tools/25.0.0 (25.0.0)
* build-tools/26.0.0 (26.0.0)
* build-tools/26.0.1 (26.0.1)
* build-tools/26.0.2 (26.0.2)
* build-tools/27.0.3 (27.0.3)
* build-tools/28.0.2 (28.0.2)
* build-tools/28.0.3 (28.0.3)
* emulator (29.3.0)
* extras/android/m2repository (47.0.0)
* extras/google/google_play_services (49)
* extras/google/m2repository (58)
* extras/m2repository/com/android/support/constraint/constraint-layout-solver/1.0.2 (1)
* extras/m2repository/com/android/support/constraint/constraint-layout/1.0.2 (1)
* patcher/v4 (1)
* platform-tools (29.0.5)
* platforms/android-21 (2)
* platforms/android-22 (2)
* platforms/android-25 (3)
* platforms/android-26 (2)
* platforms/android-27 (3)
* platforms/android-28 (6)
* sources/android-27 (1)
* sources/android-28 (1)
* system-images/android-19/google_apis/x86 (38)
* system-images/android-21/google_apis/x86 (30)
* system-images/android-25/google_apis/arm64-v8a (16)
* system-images/android-27/google_apis_playstore/x86 (3)
* tools (26.1.1)

OSError while trying to execute gradle clean: [Errno 13] Permission denied: 'gradle'

============================================================
versionCode: 1
versionName: 1.0.1
commit: v1.0.1
Build completed at 2019-12-21 14:39:26Z

== Installed Android Tools ==

* build-tools/25.0.0 (25.0.0)
* build-tools/26.0.0 (26.0.0)
* build-tools/26.0.1 (26.0.1)
* build-tools/26.0.2 (26.0.2)
* build-tools/27.0.3 (27.0.3)
* build-tools/28.0.2 (28.0.2)
* build-tools/28.0.3 (28.0.3)
* emulator (29.3.0)
* extras/android/m2repository (47.0.0)
* extras/google/google_play_services (49)
* extras/google/m2repository (58)
* extras/m2repository/com/android/support/constraint/constraint-layout-solver/1.0.2 (1)
* extras/m2repository/com/android/support/constraint/constraint-layout/1.0.2 (1)
* patcher/v4 (1)
* platform-tools (29.0.5)
* platforms/android-21 (2)
* platforms/android-22 (2)
* platforms/android-25 (3)
* platforms/android-26 (2)
* platforms/android-27 (3)
* platforms/android-28 (6)
* sources/android-27 (1)
* sources/android-28 (1)
* system-images/android-19/google_apis/x86 (38)
* system-images/android-21/google_apis/x86 (30)
* system-images/android-25/google_apis/arm64-v8a (16)
* system-images/android-27/google_apis_playstore/x86 (3)
* tools (26.1.1)

Error cleaning ca.chancehorizon.paseo:1.0.1
==== detail begin ====
Starting a Gradle Daemon (subsequent builds will be faster)
Download https://jcenter.bintray.com/org/jetbrains/kotlin/kotlin-gradle-plugin/1.3.10/kotlin-gradle-plugin-1.3.10.pom
Download https://dl.google.com/dl/android/maven2/com/android/tools/build/transform-api/2.0.0-deprecated-use-gradle-api/transform-api-2.0.0-deprecated-use-gradle-api.pom
Download https://jcenter.bintray.com/org/ow2/asm/asm/6.0/asm-6.0.pom
Download https://jcenter.bintray.com/org/ow2/asm/asm-analysis/6.0/asm-analysis-6.0.pom
Download https://jcenter.bintray.com/org/jetbrains/kotlin/kotlin-stdlib-jdk8/1.3.50/kotlin-stdlib-jdk8-1.3.50.pom
Download https://jcenter.bintray.com/org/ow2/asm/asm-commons/6.0/asm-commons-6.0.pom
Download https://jcenter.bintray.com/org/ow2/asm/asm-parent/6.0/asm-parent-6.0.pom
Download https://jcenter.bintray.com/org/ow2/ow2/1.3/ow2-1.3.pom
Download https://jcenter.bintray.com/org/ow2/asm/asm-util/6.0/asm-util-6.0.pom
Download https://dl.google.com/dl/android/maven2/com/android/tools/build/bundletool/0.9.0/bundletool-0.9.0.pom
Download https://jcenter.bintray.com/net/sf/jopt-simple/jopt-simple/4.9/jopt-simple-4.9.pom
Download https://dl.google.com/dl/android/maven2/com/android/tools/build/jetifier/jetifier-core/1.0.0-beta04/jetifier-core-1.0.0-beta04.pom
Download https://jcenter.bintray.com/net/sf/proguard/proguard-gradle/6.0.3/proguard-gradle-6.0.3.pom
Download https://dl.google.com/dl/android/maven2/com/android/tools/build/jetifier/jetifier-processor/1.0.0-beta04/jetifier-processor-1.0.0-beta04.pom
Download https://jcenter.bintray.com/net/sf/proguard/proguard-parent/6.0.3/proguard-parent-6.0.3.pom
Download https://jcenter.bintray.com/com/google/protobuf/protobuf-java-util/3.4.0/protobuf-java-util-3.4.0.pom
Download https://jcenter.bintray.com/com/google/protobuf/protobuf-java/3.4.0/protobuf-java-3.4.0.pom
Download https://jcenter.bintray.com/com/google/protobuf/protobuf-parent/3.4.0/protobuf-parent-3.4.0.pom
Download https://jcenter.bintray.com/com/google/google/1/google-1.pom
Download https://jcenter.bintray.com/org/jetbrains/kotlin/kotlin-gradle-plugin-model/1.3.10/kotlin-gradle-plugin-model-1.3.10.pom
Download https://jcenter.bintray.com/org/jetbrains/kotlin/kotlin-native-utils/1.3.10/kotlin-native-utils-1.3.10.pom
Download https://jcenter.bintray.com/org/jetbrains/kotlin/kotlin-gradle-plugin-api/1.3.10/kotlin-gradle-plugin-api-1.3.10.pom
Download https://jcenter.bintray.com/org/jetbrains/kotlin/kotlin-stdlib/1.3.10/kotlin-stdlib-1.3.10.pom
Download https://jcenter.bintray.com/org/jetbrains/kotlin/kotlin-annotation-processing-gradle/1.3.10/kotlin-annotation-processing-gradle-1.3.10.pom
Download https://jcenter.bintray.com/org/jetbrains/kotlin/kotlin-compiler-runner/1.3.10/kotlin-compiler-runner-1.3.10.pom
Download https://jcenter.bintray.com/org/jetbrains/kotlin/kotlin-android-extensions/1.3.10/kotlin-android-extensions-1.3.10.pom
Download https://jcenter.bintray.com/org/jetbrains/kotlin/kotlin-scripting-compiler-embeddable/1.3.10/kotlin-scripting-compiler-embeddable-1.3.10.pom
Download https://jcenter.bintray.com/org/jetbrains/kotlin/kotlin-reflect/1.3.10/kotlin-reflect-1.3.10.pom
Download https://jcenter.bintray.com/org/jetbrains/kotlin/kotlin-compiler-embeddable/1.3.10/kotlin-compiler-embeddable-1.3.10.pom
Download https://jcenter.bintray.com/org/bouncycastle/bcpkix-jdk15on/1.56/bcpkix-jdk15on-1.56.pom
Download https://jcenter.bintray.com/com/squareup/javawriter/2.5.0/javawriter-2.5.0.pom
Download https://jcenter.bintray.com/org/bouncycastle/bcprov-jdk15on/1.56/bcprov-jdk15on-1.56.pom
Download https://jcenter.bintray.com/org/ow2/asm/asm-tree/6.0/asm-tree-6.0.pom
Download https://jcenter.bintray.com/javax/inject/javax.inject/1/javax.inject-1.pom
Download https://jcenter.bintray.com/it/unimi/dsi/fastutil/7.2.0/fastutil-7.2.0.pom
Download https://jcenter.bintray.com/com/googlecode/json-simple/json-simple/1.1/json-simple-1.1.pom
Download https://jcenter.bintray.com/com/google/guava/guava/27.0.1-jre/guava-27.0.1-jre.pom
Download https://jcenter.bintray.com/org/apache/httpcomponents/httpmime/4.5.6/httpmime-4.5.6.pom
Download https://jcenter.bintray.com/org/apache/httpcomponents/httpcore/4.4.10/httpcore-4.4.10.pom
Download https://jcenter.bintray.com/org/apache/httpcomponents/httpclient/4.5.6/httpclient-4.5.6.pom
Download https://jcenter.bintray.com/org/apache/httpcomponents/httpcomponents-client/4.5.6/httpcomponents-client-4.5.6.pom
Download https://jcenter.bintray.com/org/apache/httpcomponents/httpcomponents-core/4.4.10/httpcomponents-core-4.4.10.pom
Download https://jcenter.bintray.com/com/google/guava/guava-parent/27.0.1-jre/guava-parent-27.0.1-jre.pom
Download https://jcenter.bintray.com/org/apache/httpcomponents/httpcomponents-parent/10/httpcomponents-parent-10.pom
Download https://jcenter.bintray.com/org/sonatype/oss/oss-parent/9/oss-parent-9.pom
Download https://jcenter.bintray.com/org/apache/apache/18/apache-18.pom
Download https://jcenter.bintray.com/org/antlr/antlr4/4.5.3/antlr4-4.5.3.pom
Download https://jcenter.bintray.com/commons-io/commons-io/2.4/commons-io-2.4.pom
Download https://jcenter.bintray.com/org/antlr/antlr4-master/4.5.3/antlr4-master-4.5.3.pom
Download https://jcenter.bintray.com/com/squareup/javapoet/1.8.0/javapoet-1.8.0.pom
Download https://jcenter.bintray.com/org/apache/commons/commons-parent/25/commons-parent-25.pom
Download https://jcenter.bintray.com/com/google/code/gson/gson/2.8.5/gson-2.8.5.pom
Download https://jcenter.bintray.com/com/googlecode/juniversalchardet/juniversalchardet/1.0.3/juniversalchardet-1.0.3.pom
Download https://jcenter.bintray.com/com/google/code/gson/gson-parent/2.8.5/gson-parent-2.8.5.pom
Download https://jcenter.bintray.com/org/apache/apache/9/apache-9.pom
Download https://jcenter.bintray.com/org/jetbrains/kotlin/kotlin-stdlib-jdk7/1.3.50/kotlin-stdlib-jdk7-1.3.50.pom
Download https://jcenter.bintray.com/net/sf/proguard/proguard-base/6.0.3/proguard-base-6.0.3.pom
Download https://dl.google.com/dl/android/maven2/com/android/tools/build/aapt2-proto/0.4.0/aapt2-proto-0.4.0.pom
Download https://jcenter.bintray.com/com/google/auto/value/auto-value/1.5.2/auto-value-1.5.2.pom
Download https://jcenter.bintray.com/com/google/errorprone/error_prone_annotations/2.3.1/error_prone_annotations-2.3.1.pom
Download https://jcenter.bintray.com/com/google/auto/auto-parent/3/auto-parent-3.pom
Download https://jcenter.bintray.com/com/google/errorprone/error_prone_parent/2.3.1/error_prone_parent-2.3.1.pom
Download https://jcenter.bintray.com/org/jdom/jdom2/2.0.6/jdom2-2.0.6.pom
Download https://jcenter.bintray.com/org/jetbrains/kotlin/kotlin-script-runtime/1.3.10/kotlin-script-runtime-1.3.10.pom
Download https://jcenter.bintray.com/org/jetbrains/kotlin/kotlin-build-common/1.3.10/kotlin-build-common-1.3.10.pom
Download https://jcenter.bintray.com/org/jetbrains/kotlin/kotlin-daemon-client/1.3.10/kotlin-daemon-client-1.3.10.pom
Download https://jcenter.bintray.com/org/apache/commons/commons-compress/1.12/commons-compress-1.12.pom
Download https://jcenter.bintray.com/org/apache/commons/commons-parent/39/commons-parent-39.pom
Download https://jcenter.bintray.com/org/apache/apache/16/apache-16.pom
Download https://jcenter.bintray.com/org/jetbrains/trove4j/trove4j/20160824/trove4j-20160824.pom
Download https://jcenter.bintray.com/net/sf/kxml/kxml2/2.3.0/kxml2-2.3.0.pom
Download https://jcenter.bintray.com/com/google/code/findbugs/jsr305/1.3.9/jsr305-1.3.9.pom
Download https://jcenter.bintray.com/commons-logging/commons-logging/1.2/commons-logging-1.2.pom
Download https://jcenter.bintray.com/commons-codec/commons-codec/1.10/commons-codec-1.10.pom
Download https://jcenter.bintray.com/org/apache/commons/commons-parent/34/commons-parent-34.pom
Download https://jcenter.bintray.com/org/apache/commons/commons-parent/35/commons-parent-35.pom
Download https://jcenter.bintray.com/org/apache/apache/13/apache-13.pom
Download https://jcenter.bintray.com/org/apache/apache/15/apache-15.pom
Download https://jcenter.bintray.com/org/jetbrains/annotations/13.0/annotations-13.0.pom
Download https://jcenter.bintray.com/com/sun/activation/javax.activation/1.2.0/javax.activation-1.2.0.pom
Download https://jcenter.bintray.com/com/google/jimfs/jimfs/1.1/jimfs-1.1.pom
Download https://jcenter.bintray.com/org/glassfish/jaxb/jaxb-runtime/2.2.11/jaxb-runtime-2.2.11.pom
Download https://jcenter.bintray.com/com/google/jimfs/jimfs-parent/1.1/jimfs-parent-1.1.pom
Download https://jcenter.bintray.com/com/sun/activation/all/1.2.0/all-1.2.0.pom
Download https://jcenter.bintray.com/com/sun/xml/bind/mvn/jaxb-runtime-parent/2.2.11/jaxb-runtime-parent-2.2.11.pom
Download https://jcenter.bintray.com/com/sun/xml/bind/mvn/jaxb-parent/2.2.11/jaxb-parent-2.2.11.pom
Download https://jcenter.bintray.com/net/java/jvnet-parent/1/jvnet-parent-1.pom
Download https://jcenter.bintray.com/com/sun/xml/bind/jaxb-bom-ext/2.2.11/jaxb-bom-ext-2.2.11.pom
Download https://jcenter.bintray.com/org/glassfish/jaxb/jaxb-bom/2.2.11/jaxb-bom-2.2.11.pom
Download https://jcenter.bintray.com/net/java/jvnet-parent/4/jvnet-parent-4.pom
Download https://jcenter.bintray.com/org/glassfish/jaxb/jaxb-core/2.2.11/jaxb-core-2.2.11.pom
Download https://jcenter.bintray.com/org/jvnet/staxex/stax-ex/1.7.7/stax-ex-1.7.7.pom
Download https://jcenter.bintray.com/com/sun/xml/fastinfoset/FastInfoset/1.2.13/FastInfoset-1.2.13.pom
Download https://jcenter.bintray.com/net/java/jvnet-parent/3/jvnet-parent-3.pom
Download https://jcenter.bintray.com/com/sun/xml/fastinfoset/fastinfoset-project/1.2.13/fastinfoset-project-1.2.13.pom
Download https://jcenter.bintray.com/org/glassfish/jaxb/txw2/2.2.11/txw2-2.2.11.pom
Download https://jcenter.bintray.com/javax/xml/bind/jaxb-api/2.2.12-b140109.1041/jaxb-api-2.2.12-b140109.1041.pom
Download https://jcenter.bintray.com/com/sun/istack/istack-commons-runtime/2.21/istack-commons-runtime-2.21.pom
Download https://jcenter.bintray.com/com/sun/xml/bind/mvn/jaxb-txw-parent/2.2.11/jaxb-txw-parent-2.2.11.pom
Download https://jcenter.bintray.com/com/sun/istack/istack-commons/2.21/istack-commons-2.21.pom
Download https://jcenter.bintray.com/org/jetbrains/kotlin/kotlin-reflect/1.3.50/kotlin-reflect-1.3.50.pom
Download https://jcenter.bintray.com/org/jetbrains/kotlin/kotlin-stdlib/1.3.50/kotlin-stdlib-1.3.50.pom
Download https://jcenter.bintray.com/org/jetbrains/kotlin/kotlin-stdlib-common/1.3.50/kotlin-stdlib-common-1.3.50.pom
Download https://jcenter.bintray.com/com/google/j2objc/j2objc-annotations/1.1/j2objc-annotations-1.1.pom
Download https://jcenter.bintray.com/org/codehaus/mojo/animal-sniffer-annotations/1.17/animal-sniffer-annotations-1.17.pom
Download https://jcenter.bintray.com/com/google/guava/listenablefuture/9999.0-empty-to-avoid-conflict-with-guava/listenablefuture-9999.0-empty-to-avoid-conflict-with-guava.pom
Download https://jcenter.bintray.com/com/google/guava/failureaccess/1.0.1/failureaccess-1.0.1.pom
Download https://jcenter.bintray.com/org/checkerframework/checker-qual/2.5.2/checker-qual-2.5.2.pom
Download https://jcenter.bintray.com/com/google/guava/guava-parent/26.0-android/guava-parent-26.0-android.pom
Download https://jcenter.bintray.com/org/codehaus/mojo/animal-sniffer-parent/1.17/animal-sniffer-parent-1.17.pom
Download https://jcenter.bintray.com/org/codehaus/mojo/mojo-parent/40/mojo-parent-40.pom
Download https://jcenter.bintray.com/com/google/code/findbugs/jsr305/3.0.2/jsr305-3.0.2.pom

FAILURE: Build failed with an exception.

* Where:
Build file '/home/michael/AndroidStudioProjects/fdroiddata/build/ca.chancehorizon.paseo/app/build.gradle' line: 1

* What went wrong:
A problem occurred evaluating project ':app'.
> Failed to apply plugin [id 'com.android.application']
   > Minimum supported Gradle version is 5.4.1. Current version is 4.4.1. If using the gradle wrapper, try editing the distributionUrl in /home/michael/.gradle/daemon/4.4.1/gradle/wrapper/gradle-wrapper.properties to gradle-5.4.1-all.zip

* Try:
Run with --stacktrace option to get the stack trace. Run with --info or --debug option to get more log output. Run with --scan to get full insights.

* Get more help at https://help.gradle.org

BUILD FAILED in 46s
==== detail end ====

============================================================
versionCode: 1
versionName: 1.0.1
commit: v1.0.1
Build completed at 2019-12-21 14:57:37Z

== Installed Android Tools ==

* build-tools/25.0.0 (25.0.0)
* build-tools/26.0.0 (26.0.0)
* build-tools/26.0.1 (26.0.1)
* build-tools/26.0.2 (26.0.2)
* build-tools/27.0.3 (27.0.3)
* build-tools/28.0.2 (28.0.2)
* build-tools/28.0.3 (28.0.3)
* emulator (29.3.0)
* extras/android/m2repository (47.0.0)
* extras/google/google_play_services (49)
* extras/google/m2repository (58)
* extras/m2repository/com/android/support/constraint/constraint-layout-solver/1.0.2 (1)
* extras/m2repository/com/android/support/constraint/constraint-layout/1.0.2 (1)
* patcher/v4 (1)
* platform-tools (29.0.5)
* platforms/android-21 (2)
* platforms/android-22 (2)
* platforms/android-25 (3)
* platforms/android-26 (2)
* platforms/android-27 (3)
* platforms/android-28 (6)
* sources/android-27 (1)
* sources/android-28 (1)
* system-images/android-19/google_apis/x86 (38)
* system-images/android-21/google_apis/x86 (30)
* system-images/android-25/google_apis/arm64-v8a (16)
* system-images/android-27/google_apis_playstore/x86 (3)
* tools (26.1.1)

OSError while trying to execute gradle clean: [Errno 2] No such file or directory: 'gradle': 'gradle'

============================================================
versionCode: 1
versionName: 1.0.1
commit: v1.0.1
Build completed at 2019-12-21 15:02:11Z

== Installed Android Tools ==

* build-tools/25.0.0 (25.0.0)
* build-tools/26.0.0 (26.0.0)
* build-tools/26.0.1 (26.0.1)
* build-tools/26.0.2 (26.0.2)
* build-tools/27.0.3 (27.0.3)
* build-tools/28.0.2 (28.0.2)
* build-tools/28.0.3 (28.0.3)
* emulator (29.3.0)
* extras/android/m2repository (47.0.0)
* extras/google/google_play_services (49)
* extras/google/m2repository (58)
* extras/m2repository/com/android/support/constraint/constraint-layout-solver/1.0.2 (1)
* extras/m2repository/com/android/support/constraint/constraint-layout/1.0.2 (1)
* patcher/v4 (1)
* platform-tools (29.0.5)
* platforms/android-21 (2)
* platforms/android-22 (2)
* platforms/android-25 (3)
* platforms/android-26 (2)
* platforms/android-27 (3)
* platforms/android-28 (6)
* sources/android-27 (1)
* sources/android-28 (1)
* system-images/android-19/google_apis/x86 (38)
* system-images/android-21/google_apis/x86 (30)
* system-images/android-25/google_apis/arm64-v8a (16)
* system-images/android-27/google_apis_playstore/x86 (3)
* tools (26.1.1)

Error cleaning ca.chancehorizon.paseo:1.0.1
==== detail begin ====
Starting a Gradle Daemon (subsequent builds will be faster)

FAILURE: Build completed with 2 failures.

1: Task failed with an exception.
-----------
* Where:
Build file '/home/michael/AndroidStudioProjects/fdroiddata/build/ca.chancehorizon.paseo/app/build.gradle' line: 3

* What went wrong:
A problem occurred evaluating project ':app'.
> java.lang.ExceptionInInitializerError (no error message)

* Try:
Run with --stacktrace option to get the stack trace. Run with --info or --debug option to get more log output. Run with --scan to get full insights.
==============================================================================

2: Task failed with an exception.
-----------
* What went wrong:
A problem occurred configuring project ':app'.
> compileSdkVersion is not specified.

* Try:
Run with --stacktrace option to get the stack trace. Run with --info or --debug option to get more log output. Run with --scan to get full insights.
==============================================================================

* Get more help at https://help.gradle.org

Deprecated Gradle features were used in this build, making it incompatible with Gradle 7.0.
Use '--warning-mode all' to show the individual deprecation warnings.
See https://docs.gradle.org/6.0.1/userguide/command_line_interface.html#sec:command_line_warnings

BUILD FAILED in 26s
==== detail end ====

============================================================
versionCode: 1
versionName: 1.0.1
commit: v1.0.1
Build completed at 2019-12-21 15:12:06Z

== Installed Android Tools ==

* build-tools/25.0.0 (25.0.0)
* build-tools/26.0.0 (26.0.0)
* build-tools/26.0.1 (26.0.1)
* build-tools/26.0.2 (26.0.2)
* build-tools/27.0.3 (27.0.3)
* build-tools/28.0.2 (28.0.2)
* build-tools/28.0.3 (28.0.3)
* emulator (29.3.0)
* extras/android/m2repository (47.0.0)
* extras/google/google_play_services (49)
* extras/google/m2repository (58)
* extras/m2repository/com/android/support/constraint/constraint-layout-solver/1.0.2 (1)
* extras/m2repository/com/android/support/constraint/constraint-layout/1.0.2 (1)
* patcher/v4 (1)
* platform-tools (29.0.5)
* platforms/android-21 (2)
* platforms/android-22 (2)
* platforms/android-25 (3)
* platforms/android-26 (2)
* platforms/android-27 (3)
* platforms/android-28 (6)
* sources/android-27 (1)
* sources/android-28 (1)
* system-images/android-19/google_apis/x86 (38)
* system-images/android-21/google_apis/x86 (30)
* system-images/android-25/google_apis/arm64-v8a (16)
* system-images/android-27/google_apis_playstore/x86 (3)
* tools (26.1.1)

Error cleaning ca.chancehorizon.paseo:1.0.1
==== detail begin ====
FAILURE: Build completed with 2 failures.

1: Task failed with an exception.
-----------
* Where:
Build file '/home/michael/AndroidStudioProjects/fdroiddata/build/ca.chancehorizon.paseo/app/build.gradle' line: 3

* What went wrong:
A problem occurred evaluating project ':app'.
> Could not initialize class org.jetbrains.kotlin.gradle.plugin.sources.DefaultKotlinSourceSetKt

* Try:
Run with --stacktrace option to get the stack trace. Run with --info or --debug option to get more log output. Run with --scan to get full insights.
==============================================================================

2: Task failed with an exception.
-----------
* What went wrong:
A problem occurred configuring project ':app'.
> compileSdkVersion is not specified.

* Try:
Run with --stacktrace option to get the stack trace. Run with --info or --debug option to get more log output. Run with --scan to get full insights.
==============================================================================

* Get more help at https://help.gradle.org

Deprecated Gradle features were used in this build, making it incompatible with Gradle 7.0.
Use '--warning-mode all' to show the individual deprecation warnings.
See https://docs.gradle.org/6.0.1/userguide/command_line_interface.html#sec:command_line_warnings

BUILD FAILED in 803ms
==== detail end ====

============================================================
versionCode: 1
versionName: 1.0.1
commit: v1.0.1
Build completed at 2019-12-21 17:51:27Z

== Installed Android Tools ==

* build-tools/25.0.0 (25.0.0)
* build-tools/26.0.0 (26.0.0)
* build-tools/26.0.1 (26.0.1)
* build-tools/26.0.2 (26.0.2)
* build-tools/27.0.3 (27.0.3)
* build-tools/28.0.2 (28.0.2)
* build-tools/28.0.3 (28.0.3)
* emulator (29.3.0)
* extras/android/m2repository (47.0.0)
* extras/google/google_play_services (49)
* extras/google/m2repository (58)
* extras/m2repository/com/android/support/constraint/constraint-layout-solver/1.0.2 (1)
* extras/m2repository/com/android/support/constraint/constraint-layout/1.0.2 (1)
* patcher/v4 (1)
* platform-tools (29.0.5)
* platforms/android-21 (2)
* platforms/android-22 (2)
* platforms/android-25 (3)
* platforms/android-26 (2)
* platforms/android-27 (3)
* platforms/android-28 (6)
* sources/android-27 (1)
* sources/android-28 (1)
* system-images/android-19/google_apis/x86 (38)
* system-images/android-21/google_apis/x86 (30)
* system-images/android-25/google_apis/arm64-v8a (16)
* system-images/android-27/google_apis_playstore/x86 (3)
* tools (26.1.1)

Error cleaning ca.chancehorizon.paseo:1.0.1
==== detail begin ====
FAILURE: Build completed with 2 failures.

1: Task failed with an exception.
-----------
* Where:
Build file '/home/michael/AndroidStudioProjects/fdroiddata/build/ca.chancehorizon.paseo/app/build.gradle' line: 3

* What went wrong:
A problem occurred evaluating project ':app'.
> Could not initialize class org.jetbrains.kotlin.gradle.plugin.sources.DefaultKotlinSourceSetKt

* Try:
Run with --stacktrace option to get the stack trace. Run with --info or --debug option to get more log output. Run with --scan to get full insights.
==============================================================================

2: Task failed with an exception.
-----------
* What went wrong:
A problem occurred configuring project ':app'.
> compileSdkVersion is not specified.

* Try:
Run with --stacktrace option to get the stack trace. Run with --info or --debug option to get more log output. Run with --scan to get full insights.
==============================================================================

* Get more help at https://help.gradle.org

Deprecated Gradle features were used in this build, making it incompatible with Gradle 7.0.
Use '--warning-mode all' to show the individual deprecation warnings.
See https://docs.gradle.org/6.0.1/userguide/command_line_interface.html#sec:command_line_warnings

BUILD FAILED in 767ms
==== detail end ====